# JRE version: Java(TM) SE Runtime Environment (11.0.2+9) (build 11.0.2+9-LTS)
# Java VM: Java HotSpot(TM) 64-Bit Server VM (11.0.2+9-LTS, mixed mode, tiered, compressed oops, g1 gc, linux-amd64)
Heap:
 garbage-first heap   total 182272K, used 8299K [0x00000000c7000000, 0x0000000100000000)
  region size 1024K, 1 young (1024K), 1 survivors (1024K)
 Metaspace       used 15557K, capacity 16066K, committed 16384K, reserved 1064960K
  class space    used 1553K, capacity 1733K, committed 1792K, reserved 1048576K
GC Heap History (10 events):
Event: 2.320 GC heap after
{Heap after GC invocations=4 (full 0):
 garbage-first heap   total 59392K, used 8052K [0x00000000c7000000, 0x0000000100000000)
  region size 1024K, 3 young (3072K), 3 survivors (3072K)
 Metaspace       used 14733K, capacity 15175K, committed 15488K, reserved 1062912K
  class space    used 1486K, capacity 1629K, committed 1664K, reserved 1048576K
}
Event: 2.713 GC heap before
{Heap before GC invocations=4 (full 0):
 garbage-first heap   total 59392K, used 39796K [0x00000000c7000000, 0x0000000100000000)
  region size 1024K, 34 young (34816K), 3 survivors (3072K)
 Metaspace       used 15467K, capacity 15914K, committed 16128K, reserved 1062912K
  class space    used 1549K, capacity 1726K, committed 1792K, reserved 1048576K
}
Event: 2.837 GC heap after
{Heap after GC invocations=5 (full 0):
 garbage-first heap   total 71680K, used 8752K [0x00000000c7000000, 0x0000000100000000)
  region size 1024K, 3 young (3072K), 3 survivors (3072K)
 Metaspace       used 15467K, capacity 15914K, committed 16128K, reserved 1062912K
  class space    used 1549K, capacity 1726K, committed 1792K, reserved 1048576K
}
Event: 59.948 GC heap before
{Heap before GC invocations=5 (full 0):
 garbage-first heap   total 71680K, used 44592K [0x00000000c7000000, 0x0000000100000000)
  region size 1024K, 38 young (38912K), 3 survivors (3072K)
 Metaspace       used 15557K, capacity 16066K, committed 16384K, reserved 1064960K
  class space    used 1553K, capacity 1733K, committed 1792K, reserved 1048576K
}
Event: 65.776 GC heap after
{Heap after GC invocations=6 (full 0):
 garbage-first heap   total 71680K, used 8500K [0x00000000c7000000, 0x0000000100000000)
  region size 1024K, 3 young (3072K), 3 survivors (3072K)
 Metaspace       used 15557K, capacity 16066K, committed 16384K, reserved 1064960K
  class space    used 1553K, capacity 1733K, committed 1792K, reserved 1048576K
}
Event: 82.287 GC heap before
{Heap before GC invocations=6 (full 0):
 garbage-first heap   total 71680K, used 9524K [0x00000000c7000000, 0x0000000100000000)
  region size 1024K, 4 young (4096K), 3 survivors (3072K)
 Metaspace       used 15557K, capacity 16066K, committed 16384K, reserved 1064960K
  class space    used 1553K, capacity 1733K, committed 1792K, reserved 1048576K
}
Event: 82.680 GC heap after
{Heap after GC invocations=7 (full 0):
 garbage-first heap   total 71680K, used 8540K [0x00000000c7000000, 0x0000000100000000)
  region size 1024K, 1 young (1024K), 1 survivors (1024K)
 Metaspace       used 15557K, capacity 16066K, committed 16384K, reserved 1064960K
  class space    used 1553K, capacity 1733K, committed 1792K, reserved 1048576K
}
Event: 83.070 GC heap before
{Heap before GC invocations=7 (full 0):
 garbage-first heap   total 71680K, used 10588K [0x00000000c7000000, 0x0000000100000000)
  region size 1024K, 3 young (3072K), 1 survivors (1024K)
 Metaspace       used 15557K, capacity 16066K, committed 16384K, reserved 1064960K
  class space    used 1553K, capacity 1733K, committed 1792K, reserved 1048576K
}
Event: 83.642 GC heap after
{Heap after GC invocations=8 (full 0):
 garbage-first heap   total 71680K, used 8341K [0x00000000c7000000, 0x0000000100000000)
  region size 1024K, 1 young (1024K), 1 survivors (1024K)
 Metaspace       used 15557K, capacity 16066K, committed 16384K, reserved 1064960K
  class space    used 1553K, capacity 1733K, committed 1792K, reserved 1048576K
}
Event: 84.088 GC heap before
{Heap before GC invocations=8 (full 0):
 garbage-first heap   total 71680K, used 10389K [0x00000000c7000000, 0x0000000100000000)
  region size 1024K, 3 young (3072K), 1 survivors (1024K)
 Metaspace       used 15557K, capacity 16066K, committed 16384K, reserved 1064960K
  class space    used 1553K, capacity 1733K, committed 1792K, reserved 1048576K
}

